2025-10-16 08:43:07, MOVE, v:1, k:poo@relogio, mode:PICK
2025-10-16 08:43:09, EXEC, v:1, k:poo@relogio, mode:FULL, rate:100
2025-10-16 08:43:10, MOVE, v:1, k:poo@relogio, mode:BACK
2025-10-16 08:43:31, MOVE, v:1, k:poo@motoca, mode:DOWN
2025-10-16 08:51:22, MOVE, v:1, k:poo@motoca, mode:PICK
2025-10-16 08:51:23, EXEC, v:1, k:poo@motoca, mode:FULL, rate:0, size:6
2025-10-16 09:15:58, EXEC, v:1, k:poo@motoca, mode:FULL, rate:0, size:45
2025-10-16 09:16:32, EXEC, v:1, k:poo@motoca, mode:FULL, rate:0, size:45
2025-10-16 09:34:26, EXEC, v:1, k:poo@motoca, mode:FULL, rate:0, size:48
2025-10-16 09:35:29, EXEC, v:1, k:poo@motoca, mode:FULL, rate:6, size:48
2025-10-16 10:01:36, EXEC, v:1, k:poo@motoca, mode:FULL, rate:0, size:60
2025-10-16 10:04:38, EXEC, v:1, k:poo@motoca, mode:FULL, rate:6, size:59
2025-10-16 10:07:03, EXEC, v:1, k:poo@motoca, mode:FULL, rate:0, size:59
2025-10-16 10:07:52, MOVE, v:1, k:poo@motoca, mode:BACK
2025-10-16 10:08:05, MOVE, v:1, k:poo@chinela, mode:PICK
2025-10-16 10:08:06, EXEC, v:1, k:poo@chinela, mode:LOCK, rate:0
2025-10-16 10:08:08, MOVE, v:1, k:poo@chinela, mode:BACK
2025-10-16 10:08:09, MOVE, v:1, k:poo@camisa, mode:PICK
2025-10-16 10:08:10, EXEC, v:1, k:poo@camisa, mode:LOCK, rate:0
2025-10-16 10:08:15, EXEC, v:1, k:poo@camisa, mode:FREE
2025-10-16 10:08:36, MOVE, v:1, k:poo@camisa, mode:BACK
2025-10-16 10:08:37, MOVE, v:1, k:poo@camisa, mode:PICK
2025-10-16 10:08:38, EXEC, v:1, k:poo@camisa, mode:FREE
2025-10-16 10:47:12, MOVE, v:1, k:poo@motoca, mode:PICK
2025-10-16 10:47:13, EXEC, v:1, k:poo@motoca, mode:FULL, rate:0
2025-10-16 10:51:29, EXEC, v:1, k:poo@motoca, mode:FULL, rate:0, size:63
2025-10-16 10:51:30, EXEC, v:1, k:poo@motoca, mode:FULL, rate:0
2025-10-16 10:51:31, EXEC, v:1, k:poo@motoca, mode:FULL, rate:0
2025-10-16 10:51:31, EXEC, v:1, k:poo@motoca, mode:FULL, rate:0
2025-10-16 10:51:31, EXEC, v:1, k:poo@motoca, mode:FULL, rate:0
2025-10-16 10:51:32, EXEC, v:1, k:poo@motoca, mode:FULL, rate:0
2025-10-16 10:51:32, EXEC, v:1, k:poo@motoca, mode:FULL, rate:0
2025-10-16 10:51:32, EXEC, v:1, k:poo@motoca, mode:FULL, rate:0
2025-10-16 10:51:33, EXEC, v:1, k:poo@motoca, mode:FULL, rate:0
2025-10-16 10:53:11, EXEC, v:1, k:poo@motoca, mode:FULL, rate:0, size:63
2025-10-16 10:53:41, EXEC, v:1, k:poo@motoca, mode:FULL, rate:0, size:63
2025-10-16 10:54:19, EXEC, v:1, k:poo@motoca, mode:FULL, rate:6, size:64
2025-10-16 10:54:49, EXEC, v:1, k:poo@motoca, mode:FULL, rate:6, size:64
2025-10-16 11:08:19, MOVE, v:1, k:poo@motoca, mode:PICK
2025-10-16 11:08:19, EXEC, v:1, k:poo@motoca, mode:FULL, rate:6, size:65
2025-10-16 11:16:56, MOVE, v:1, k:poo@motoca, mode:BACK
