2025-10-11 21:11:21, MOVE, v:1, k:poo@chinela, mode:PICK
2025-10-11 21:11:22, EXEC, v:1, k:poo@chinela, mode:LOCK, rate:0, size:25
2025-10-11 21:11:26, MOVE, v:1, k:poo@chinela, mode:BACK
2025-10-11 21:11:29, MOVE, v:1, k:poo@camisa, mode:PICK
2025-10-11 21:11:29, EXEC, v:1, k:poo@camisa, mode:LOCK, rate:0
2025-10-11 21:18:43, MOVE, v:1, k:poo@camisa, mode:PICK
2025-10-11 21:18:44, EXEC, v:1, k:poo@camisa, mode:LOCK, rate:0
2025-10-11 21:22:48, MOVE, v:1, k:poo@camisa, mode:PICK
2025-10-11 21:22:48, EXEC, v:1, k:poo@camisa, mode:LOCK, rate:0
2025-10-11 21:22:49, EXEC, v:1, k:poo@camisa, mode:LOCK, rate:0
2025-10-11 21:22:51, MOVE, v:1, k:poo@camisa, mode:BACK
2025-10-11 21:23:00, MOVE, v:1, k:poo@chinela, mode:PICK
2025-10-11 21:23:01, EXEC, v:1, k:poo@chinela, mode:LOCK, rate:0
2025-10-11 21:23:03, MOVE, v:1, k:poo@chinela, mode:BACK
2025-10-11 21:24:47, MOVE, v:1, k:poo@chinela, mode:PICK
2025-10-11 21:24:47, EXEC, v:1, k:poo@chinela, mode:LOCK, rate:0, size:25
2025-10-11 21:24:48, EXEC, v:1, k:poo@chinela, mode:LOCK, rate:0
2025-10-11 21:24:50, MOVE, v:1, k:poo@chinela, mode:BACK
2025-10-11 21:27:12, MOVE, v:1, k:poo@chinela, mode:PICK
2025-10-11 21:27:13, EXEC, v:1, k:poo@chinela, mode:LOCK, rate:0
2025-10-11 21:27:14, EXEC, v:1, k:poo@chinela, mode:LOCK, rate:0
2025-10-11 21:27:17, MOVE, v:1, k:poo@chinela, mode:BACK
2025-10-11 21:27:19, MOVE, v:1, k:poo@camisa, mode:PICK
2025-10-11 21:27:19, EXEC, v:1, k:poo@camisa, mode:LOCK, rate:0, size:21
2025-10-11 21:27:22, EXEC, v:1, k:poo@camisa, mode:LOCK, rate:0
2025-10-11 21:27:22, EXEC, v:1, k:poo@camisa, mode:LOCK, rate:0
2025-10-11 21:27:23, EXEC, v:1, k:poo@camisa, mode:LOCK, rate:0
2025-10-11 21:27:23, EXEC, v:1, k:poo@camisa, mode:LOCK, rate:0
2025-10-11 22:11:44, MOVE, v:1, k:poo@camisa, mode:BACK
2025-10-11 22:11:47, MOVE, v:1, k:poo@camisa, mode:PICK
2025-10-11 22:11:47, EXEC, v:1, k:poo@camisa, mode:LOCK, rate:0
2025-10-11 22:11:48, EXEC, v:1, k:poo@camisa, mode:LOCK, rate:0
2025-10-11 22:11:49, EXEC, v:1, k:poo@camisa, mode:LOCK, rate:0
2025-10-11 22:11:50, EXEC, v:1, k:poo@camisa, mode:LOCK, rate:0
2025-10-11 22:11:50, MOVE, v:1, k:poo@camisa, mode:BACK
2025-10-11 22:12:31, MOVE, v:1, k:poo@chinela, mode:PICK
2025-10-11 22:12:31, EXEC, v:1, k:poo@chinela, mode:LOCK, rate:0, size:24
2025-10-11 22:12:36, EXEC, v:1, k:poo@chinela, mode:LOCK, rate:0
2025-10-11 22:43:45, MOVE, v:1, k:poo@chinela, mode:PICK
2025-10-11 22:43:46, EXEC, v:1, k:poo@chinela, mode:LOCK, rate:0, size:25
2025-10-11 22:43:47, EXEC, v:1, k:poo@chinela, mode:LOCK, rate:0
2025-10-11 22:43:47, EXEC, v:1, k:poo@chinela, mode:LOCK, rate:0
2025-10-11 22:43:47, EXEC, v:1, k:poo@chinela, mode:LOCK, rate:0
2025-10-11 22:43:48, EXEC, v:1, k:poo@chinela, mode:LOCK, rate:0
2025-10-11 22:43:48, EXEC, v:1, k:poo@chinela, mode:LOCK, rate:0
2025-10-11 22:43:48, EXEC, v:1, k:poo@chinela, mode:LOCK, rate:0
2025-10-11 22:43:48, EXEC, v:1, k:poo@chinela, mode:LOCK, rate:0
2025-10-11 22:43:48, EXEC, v:1, k:poo@chinela, mode:LOCK, rate:0
2025-10-11 22:43:48, EXEC, v:1, k:poo@chinela, mode:LOCK, rate:0
2025-10-11 22:43:49, EXEC, v:1, k:poo@chinela, mode:LOCK, rate:0
2025-10-11 22:43:49, EXEC, v:1, k:poo@chinela, mode:LOCK, rate:0
2025-10-11 22:43:49, EXEC, v:1, k:poo@chinela, mode:LOCK, rate:0
2025-10-11 22:45:08, MOVE, v:1, k:poo@chinela, mode:BACK
2025-10-11 22:45:10, MOVE, v:1, k:poo@chinela, mode:PICK
2025-10-11 22:45:10, EXEC, v:1, k:poo@chinela, mode:LOCK, rate:0
2025-10-11 22:45:11, EXEC, v:1, k:poo@chinela, mode:LOCK, rate:0
2025-10-11 22:45:12, MOVE, v:1, k:poo@chinela, mode:BACK
2025-10-11 23:16:15, MOVE, v:1, k:poo@roupa, mode:DOWN
