2025-10-28 09:38:40, MOVE, v:1, k:poo@notebook, mode:BACK
2025-10-28 09:45:28, MOVE, v:1, k:poo@notebook, mode:PICK
2025-10-28 09:45:30, EXEC, v:1, k:poo@notebook, mode:LOCK, rate:0, size:135
2025-10-28 09:45:31, EXEC, v:1, k:poo@notebook, mode:FREE
2025-10-28 11:18:35, MOVE, v:1, k:poo@notebook, mode:BACK
2025-10-28 11:20:03, MOVE, v:1, k:poo@grafite, mode:DOWN
2025-10-28 11:20:20, MOVE, v:1, k:poo@notebook, mode:PICK
2025-10-28 11:20:21, EXEC, v:1, k:poo@notebook, mode:LOCK, rate:0, size:140
2025-10-28 11:20:25, EXEC, v:1, k:poo@notebook, mode:FREE
2025-10-28 11:20:32, MOVE, v:1, k:poo@notebook, mode:BACK
2025-10-28 11:23:07, SELF, v:1, k:poo@notebook, rate:100, other:_, alone:1
2025-10-28 11:24:43, MOVE, v:1, k:poo@motoca, mode:PICK
2025-10-28 11:24:45, EXEC, v:1, k:poo@motoca, mode:FULL, rate:6
2025-10-28 11:24:46, MOVE, v:1, k:poo@motoca, mode:BACK
2025-10-28 11:24:55, MOVE, v:1, k:poo@charger, mode:DOWN
2025-10-28 11:25:03, MOVE, v:1, k:poo@charger, mode:PICK
2025-10-28 11:25:05, EXEC, v:1, k:poo@charger, mode:FULL, rate:0, size:0
2025-10-28 11:25:06, MOVE, v:1, k:poo@charger, mode:BACK
2025-10-28 11:25:22, MOVE, v:1, k:poo@charger, mode:PICK
2025-10-28 11:25:25, EXEC, v:1, k:poo@charger, mode:FULL, rate:0, size:140
2025-10-28 11:28:52, EXEC, v:1, k:poo@charger, mode:FULL, rate:0, size:145
2025-10-28 11:29:32, EXEC, v:1, k:poo@charger, mode:FULL, rate:0, size:145
2025-10-28 11:30:52, EXEC, v:1, k:poo@charger, mode:FULL, rate:0, size:145
2025-10-28 11:31:25, EXEC, v:1, k:poo@charger, mode:FULL, rate:0, size:145
2025-10-28 11:31:43, EXEC, v:1, k:poo@charger, mode:FULL, rate:0, size:145
2025-10-28 11:32:01, EXEC, v:1, k:poo@charger, mode:FULL, rate:5, size:145
2025-10-28 11:32:45, EXEC, v:1, k:poo@charger, mode:FULL, rate:5, size:145
2025-10-28 11:33:21, EXEC, v:1, k:poo@charger, mode:FULL, rate:5
2025-10-28 11:33:53, EXEC, v:1, k:poo@charger, mode:FULL, rate:5, size:146
2025-10-28 11:34:16, EXEC, v:1, k:poo@charger, mode:FULL, rate:5, size:145
2025-10-28 11:34:26, EXEC, v:1, k:poo@charger, mode:FULL, rate:5, size:145
2025-10-28 11:35:01, EXEC, v:1, k:poo@charger, mode:FULL, rate:5, size:145
2025-10-28 11:35:10, EXEC, v:1, k:poo@charger, mode:FULL, rate:5, size:145
2025-10-28 11:35:30, EXEC, v:1, k:poo@charger, mode:FULL, rate:5, size:145
2025-10-28 11:35:51, EXEC, v:1, k:poo@charger, mode:FULL, rate:5, size:145
2025-10-28 11:36:01, EXEC, v:1, k:poo@charger, mode:FULL, rate:5, size:145
2025-10-28 11:36:14, EXEC, v:1, k:poo@charger, mode:FULL, rate:5, size:145
2025-10-28 11:36:27, EXEC, v:1, k:poo@charger, mode:FULL, rate:5, size:145
2025-10-28 11:36:35, EXEC, v:1, k:poo@charger, mode:FULL, rate:5, size:145
2025-10-28 11:37:24, EXEC, v:1, k:poo@charger, mode:FULL, rate:5, size:145
2025-10-28 11:38:48, EXEC, v:1, k:poo@charger, mode:FULL, rate:5, size:146
2025-10-28 11:38:56, EXEC, v:1, k:poo@charger, mode:FULL, rate:5, size:146
2025-10-28 11:39:47, EXEC, v:1, k:poo@charger, mode:FULL, rate:5, size:147
2025-10-28 11:41:22, EXEC, v:1, k:poo@charger, mode:FULL, rate:5, size:147
2025-10-28 11:41:47, MOVE, v:1, k:poo@charger, mode:BACK
2025-10-28 11:41:51, MOVE, v:1, k:poo@notebook, mode:PICK
2025-10-28 11:41:53, EXEC, v:1, k:poo@notebook, mode:FREE
2025-10-28 11:42:30, MOVE, v:1, k:poo@notebook, mode:BACK
2025-10-28 11:42:37, MOVE, v:1, k:poo@charger, mode:PICK
2025-10-28 11:42:38, EXEC, v:1, k:poo@charger, mode:FREE, size:147
2025-10-28 11:43:14, EXEC, v:1, k:poo@charger, mode:FULL, rate:5, size:147
2025-10-28 11:43:34, EXEC, v:1, k:poo@charger, mode:FULL, rate:10, size:147
2025-10-28 11:44:32, EXEC, v:1, k:poo@charger, mode:FULL, rate:10, size:147
2025-10-28 11:44:58, EXEC, v:1, k:poo@charger, mode:FULL, rate:10, size:147
2025-10-28 11:45:58, EXEC, v:1, k:poo@charger, mode:FULL, rate:10, size:148
2025-10-28 11:46:13, EXEC, v:1, k:poo@charger, mode:FULL, rate:15, size:148
2025-10-28 11:47:09, EXEC, v:1, k:poo@charger, mode:FULL, rate:15, size:148
2025-10-28 11:48:44, EXEC, v:1, k:poo@charger, mode:FULL, rate:15, size:150
2025-10-28 11:49:10, EXEC, v:1, k:poo@charger, mode:FULL, rate:15, size:150
